<?xml version="1.0" encoding="UTF-8"?>
<coverage generated="1777054565329" clover="3.2.0">
  <project timestamp="1777054565329" name="All files">
    <metrics statements="85" coveredstatements="62" conditionals="36" coveredconditionals="16" methods="17" coveredmethods="9" elements="138" coveredelements="87" complexity="0" loc="85" ncloc="85" packages="2" files="5" classes="5"/>
    <package name="src">
      <metrics statements="38" coveredstatements="34" conditionals="6" coveredconditionals="4" methods="5" coveredmethods="3"/>
      <file name="db.js" path="/home/eduardo_v_silva/Documents/Bes-22-Web/backend/src/db.js">
        <metrics statements="13" coveredstatements="12" conditionals="2" coveredconditionals="1" methods="3" coveredmethods="3"/>
        <line num="1" count="1" type="stmt"/>
        <line num="2" count="1" type="stmt"/>
        <line num="4" count="1" type="stmt"/>
        <line num="6" count="1" type="stmt"/>
        <line num="7" count="1" type="cond" truecount="1" falsecount="1"/>
        <line num="8" count="0" type="stmt"/>
        <line num="10" count="1" type="stmt"/>
        <line num="14" count="1" type="stmt"/>
        <line num="15" count="1" type="stmt"/>
        <line num="17" count="1" type="stmt"/>
        <line num="26" count="1" type="stmt"/>
        <line num="40" count="1" type="stmt"/>
        <line num="42" count="1" type="stmt"/>
      </file>
      <file name="index.js" path="/home/eduardo_v_silva/Documents/Bes-22-Web/backend/src/index.js">
        <metrics statements="15" coveredstatements="12" conditionals="4" coveredconditionals="3" methods="2" coveredmethods="0"/>
        <line num="1" count="1" type="stmt"/>
        <line num="2" count="1" type="stmt"/>
        <line num="3" count="1" type="stmt"/>
        <line num="4" count="1" type="stmt"/>
        <line num="6" count="1" type="stmt"/>
        <line num="8" count="1" type="stmt"/>
        <line num="9" count="1" type="stmt"/>
        <line num="11" count="1" type="stmt"/>
        <line num="14" count="1" type="stmt"/>
        <line num="15" count="0" type="stmt"/>
        <line num="18" count="1" type="cond" truecount="2" falsecount="0"/>
        <line num="19" count="1" type="cond" truecount="1" falsecount="1"/>
        <line num="20" count="0" type="stmt"/>
        <line num="21" count="0" type="stmt"/>
        <line num="25" count="1" type="stmt"/>
      </file>
      <file name="routes.js" path="/home/eduardo_v_silva/Documents/Bes-22-Web/backend/src/routes.js">
        <metrics statements="10" coveredstatements="10" conditionals="0" coveredconditionals="0" methods="0" coveredmethods="0"/>
        <line num="1" count="1" type="stmt"/>
        <line num="2" count="1" type="stmt"/>
        <line num="3" count="1" type="stmt"/>
        <line num="5" count="1" type="stmt"/>
        <line num="7" count="1" type="stmt"/>
        <line num="8" count="1" type="stmt"/>
        <line num="10" count="1" type="stmt"/>
        <line num="11" count="1" type="stmt"/>
        <line num="12" count="1" type="stmt"/>
        <line num="14" count="1" type="stmt"/>
      </file>
    </package>
    <package name="src.controllers">
      <metrics statements="47" coveredstatements="28" conditionals="30" coveredconditionals="12" methods="12" coveredmethods="6"/>
      <file name="authController.js" path="/home/eduardo_v_silva/Documents/Bes-22-Web/backend/src/controllers/authController.js">
        <metrics statements="27" coveredstatements="8" conditionals="18" coveredconditionals="0" methods="6" coveredmethods="0"/>
        <line num="1" count="1" type="stmt"/>
        <line num="2" count="1" type="stmt"/>
        <line num="3" count="1" type="stmt"/>
        <line num="5" count="1" type="stmt"/>
        <line num="8" count="1" type="stmt"/>
        <line num="9" count="0" type="stmt"/>
        <line num="10" count="0" type="cond" truecount="0" falsecount="4"/>
        <line num="12" count="0" type="stmt"/>
        <line num="13" count="0" type="stmt"/>
        <line num="14" count="0" type="cond" truecount="0" falsecount="2"/>
        <line num="15" count="0" type="stmt"/>
        <line num="19" count="1" type="stmt"/>
        <line num="20" count="0" type="stmt"/>
        <line num="21" count="0" type="cond" truecount="0" falsecount="4"/>
        <line num="23" count="0" type="stmt"/>
        <line num="24" count="0" type="cond" truecount="0" falsecount="2"/>
        <line num="25" count="0" type="cond" truecount="0" falsecount="2"/>
        <line num="27" count="0" type="stmt"/>
        <line num="28" count="0" type="cond" truecount="0" falsecount="2"/>
        <line num="30" count="0" type="stmt"/>
        <line num="31" count="0" type="stmt"/>
        <line num="36" count="1" type="stmt"/>
        <line num="37" count="0" type="stmt"/>
        <line num="38" count="0" type="stmt"/>
        <line num="39" count="0" type="cond" truecount="0" falsecount="2"/>
        <line num="40" count="0" type="stmt"/>
        <line num="44" count="1" type="stmt"/>
      </file>
      <file name="taskController.js" path="/home/eduardo_v_silva/Documents/Bes-22-Web/backend/src/controllers/taskController.js">
        <metrics statements="20" coveredstatements="20" conditionals="12" coveredconditionals="12" methods="6" coveredmethods="6"/>
        <line num="1" count="1" type="stmt"/>
        <line num="3" count="1" type="stmt"/>
        <line num="4" count="37" type="stmt"/>
        <line num="7" count="37" type="cond" truecount="6" falsecount="0"/>
        <line num="8" count="7" type="stmt"/>
        <line num="12" count="30" type="stmt"/>
        <line num="14" count="30" type="stmt"/>
        <line num="15" count="30" type="cond" truecount="2" falsecount="0"/>
        <line num="16" count="1" type="stmt"/>
        <line num="18" count="29" type="stmt"/>
        <line num="22" count="1" type="stmt"/>
        <line num="23" count="12" type="stmt"/>
        <line num="24" count="12" type="cond" truecount="2" falsecount="0"/>
        <line num="25" count="11" type="stmt"/>
        <line num="29" count="1" type="stmt"/>
        <line num="30" count="28" type="stmt"/>
        <line num="31" count="28" type="stmt"/>
        <line num="33" count="28" type="stmt"/>
        <line num="34" count="28" type="cond" truecount="2" falsecount="0"/>
        <line num="35" count="27" type="stmt"/>
      </file>
    </package>
  </project>
</coverage>
